0 info it worked if it ends with ok
1 verbose cli [ 'D:\\nodejs\\node.exe',
1 verbose cli   'D:\\nodejs\\node_modules\\npm\\bin\\npm-cli.js',
1 verbose cli   'start' ]
2 info using npm@3.10.10
3 info using node@v6.10.3
4 verbose run-script [ 'prestart', 'start', 'poststart' ]
5 info lifecycle angular-quickstart@1.0.0~prestart: angular-quickstart@1.0.0
6 verbose lifecycle angular-quickstart@1.0.0~prestart: unsafe-perm in lifecycle true
7 verbose lifecycle angular-quickstart@1.0.0~prestart: PATH: D:\nodejs\node_modules\npm\bin\node-gyp-bin;D:\work\github\AngularJS\quickstart\node_modules\.bin;D:\Git\mingw64\bin;D:\Git\usr\bin;C:\Users\zero\bin;C:\WINDOWS\system32;C:\WINDOWS;C:\WINDOWS\System32\Wbem;C:\WINDOWS\System32\WindowsPowerShell\v1.0;D:\Git\cmd;D:\nodejs;D:\Redis;D:\TortosiseGit\bin;D:\Yarn\bin;D:\Python27;D:\cwRsync\bin2;D:\cwRsync_5.5.0_x86_Free\bin;C:\Users\zero\AppData\Local\Microsoft\WindowsApps;C:\Users\zero\AppData\Roaming\npm;C:\Users\zero\AppData\Local\Yarn\bin;C:\Program Files (x86)\Microsoft VS Code\bin;D:\Microsoft VS Code\bin
8 verbose lifecycle angular-quickstart@1.0.0~prestart: CWD: D:\work\github\AngularJS\quickstart
9 silly lifecycle angular-quickstart@1.0.0~prestart: Args: [ '/d /s /c', 'npm run build' ]
10 silly lifecycle angular-quickstart@1.0.0~prestart: Returned: code: 0  signal: null
11 info lifecycle angular-quickstart@1.0.0~start: angular-quickstart@1.0.0
12 verbose lifecycle angular-quickstart@1.0.0~start: unsafe-perm in lifecycle true
13 verbose lifecycle angular-quickstart@1.0.0~start: PATH: D:\nodejs\node_modules\npm\bin\node-gyp-bin;D:\work\github\AngularJS\quickstart\node_modules\.bin;D:\Git\mingw64\bin;D:\Git\usr\bin;C:\Users\zero\bin;C:\WINDOWS\system32;C:\WINDOWS;C:\WINDOWS\System32\Wbem;C:\WINDOWS\System32\WindowsPowerShell\v1.0;D:\Git\cmd;D:\nodejs;D:\Redis;D:\TortosiseGit\bin;D:\Yarn\bin;D:\Python27;D:\cwRsync\bin2;D:\cwRsync_5.5.0_x86_Free\bin;C:\Users\zero\AppData\Local\Microsoft\WindowsApps;C:\Users\zero\AppData\Roaming\npm;C:\Users\zero\AppData\Local\Yarn\bin;C:\Program Files (x86)\Microsoft VS Code\bin;D:\Microsoft VS Code\bin
14 verbose lifecycle angular-quickstart@1.0.0~start: CWD: D:\work\github\AngularJS\quickstart
15 silly lifecycle angular-quickstart@1.0.0~start: Args: [ '/d /s /c',
15 silly lifecycle   'concurrently "npm run build:watch" "npm run serve"' ]
16 verbose stack Error: kill ENOSYS
16 verbose stack     at exports._errnoException (util.js:1018:11)
16 verbose stack     at process.kill (internal/process.js:190:13)
16 verbose stack     at process.listener (D:\nodejs\node_modules\npm\node_modules\npmlog\node_modules\gauge\node_modules\signal-exit\index.js:86:15)
16 verbose stack     at emitNone (events.js:91:20)
16 verbose stack     at process.emit (events.js:185:7)
16 verbose stack     at processEmit (D:\nodejs\node_modules\npm\node_modules\npmlog\node_modules\gauge\node_modules\signal-exit\index.js:146:32)
16 verbose stack     at processEmit (D:\nodejs\node_modules\npm\node_modules\npm-registry-client\node_modules\npmlog\node_modules\gauge\node_modules\signal-exit\index.js:146:32)
16 verbose stack     at Signal.wrap.onsignal (internal/process.js:217:44)
17 verbose cwd D:\work\github\AngularJS\quickstart
18 error Windows_NT 10.0.14393
19 error argv "D:\\nodejs\\node.exe" "D:\\nodejs\\node_modules\\npm\\bin\\npm-cli.js" "start"
20 error node v6.10.3
21 error npm  v3.10.10
22 error code ENOSYS
23 error errno ENOSYS
24 error syscall kill
25 error kill ENOSYS
26 error If you need help, you may report this error at:
26 error     <https://github.com/npm/npm/issues>
27 verbose exit [ 1, true ]
